<?xml version="1.0" encoding="UTF-8"?>
<!-- Generated by org.testng.reporters.JUnitReportReporter -->
<testsuite hostname="AST-419" name="com.acuitybrands.aatf.allspice.adminui.LoginTests" tests="1" failures="0" timestamp="21 Jun 2018 08:48:59 GMT" time="9.325" errors="0">
  <testcase name="LoginTest" time="9.325" classname="com.acuitybrands.aatf.allspice.adminui.LoginTests"/>
</testsuite> <!-- com.acuitybrands.aatf.allspice.adminui.LoginTests -->
