<?xml version="1.0" encoding="UTF-8"?>
<!-- Generated by org.testng.reporters.JUnitReportReporter -->
<testsuite hostname="AST-353" name="com.acuitybrands.aatf.allspice.adminui.UserAssignmentCreationTest" tests="1" failures="0" timestamp="28 Jun 2018 10:48:02 GMT" time="51.496" errors="0">
  <testcase name="UserAssignmentCreate" time="51.496" classname="com.acuitybrands.aatf.allspice.adminui.UserAssignmentCreationTest"/>
</testsuite> <!-- com.acuitybrands.aatf.allspice.adminui.UserAssignmentCreationTest -->
