<?xml version="1.0" encoding="UTF-8"?>
<!-- Generated by org.testng.reporters.JUnitReportReporter -->
<testsuite hostname="AST-353" name="com.acuitybrands.aatf.allspice.adminui.LoginPageTest" tests="1" failures="0" timestamp="27 Jun 2018 07:44:04 GMT" time="44.373" errors="0">
  <testcase name="ValidLoginTest_ValidUserNameValidPassword" time="44.373" classname="com.acuitybrands.aatf.allspice.adminui.LoginPageTest"/>
</testsuite> <!-- com.acuitybrands.aatf.allspice.adminui.LoginPageTest -->
