<?xml version="1.0" encoding="UTF-8"?>
<!-- Generated by org.testng.reporters.JUnitReportReporter -->
<testsuite hostname="AST-353" name="com.acuitybrands.aatf.allspice.adminui.UserCreatePageTest" tests="1" failures="0" timestamp="27 Jun 2018 07:40:46 GMT" time="12.618" errors="0">
  <testcase name="UserCreate" time="12.618" classname="com.acuitybrands.aatf.allspice.adminui.UserCreatePageTest"/>
</testsuite> <!-- com.acuitybrands.aatf.allspice.adminui.UserCreatePageTest -->
